2020-05-26 19:58:21,735 - RuntimeInstance initializing.
2020-05-26 19:58:21,735 - Default Properties File: org\apache\velocity\runtime\defaults\velocity.properties
2020-05-26 19:58:21,735 - Trying to use logger class org.apache.velocity.runtime.log.SimpleLog4JLogSystem
2020-05-26 19:58:21,735 - Using logger class org.apache.velocity.runtime.log.SimpleLog4JLogSystem
2020-05-26 19:58:21,737 - Default ResourceManager initializing. (class org.apache.velocity.runtime.resource.ResourceManagerImpl)
2020-05-26 19:58:21,738 - Resource Loader Instantiated: org.apache.velocity.runtime.resource.loader.ClasspathResourceLoader
2020-05-26 19:58:21,739 - ClasspathResourceLoader : initialization starting.
2020-05-26 19:58:21,739 - ClasspathResourceLoader : initialization complete.
2020-05-26 19:58:21,740 - ResourceCache : initialized. (class org.apache.velocity.runtime.resource.ResourceCacheImpl)
2020-05-26 19:58:21,740 - Default ResourceManager initialization complete.
2020-05-26 19:58:21,741 - Loaded System Directive: org.apache.velocity.runtime.directive.Literal
2020-05-26 19:58:21,742 - Loaded System Directive: org.apache.velocity.runtime.directive.Macro
2020-05-26 19:58:21,743 - Loaded System Directive: org.apache.velocity.runtime.directive.Parse
2020-05-26 19:58:21,744 - Loaded System Directive: org.apache.velocity.runtime.directive.Include
2020-05-26 19:58:21,745 - Loaded System Directive: org.apache.velocity.runtime.directive.Foreach
2020-05-26 19:58:21,761 - Created: 20 parsers.
2020-05-26 19:58:21,765 - Velocimacro : initialization starting.
2020-05-26 19:58:21,765 - Velocimacro : adding VMs from VM library template : VM_global_library.vm
2020-05-26 19:58:21,767 - ResourceManager : unable to find resource 'VM_global_library.vm' in any resource loader.
2020-05-26 19:58:21,767 - Velocimacro : error using  VM library template VM_global_library.vm : org.apache.velocity.exception.ResourceNotFoundException: Unable to find resource 'VM_global_library.vm'
2020-05-26 19:58:21,767 - Velocimacro :  VM library template macro registration complete.
2020-05-26 19:58:21,767 - Velocimacro : allowInline = true : VMs can be defined inline in templates
2020-05-26 19:58:21,767 - Velocimacro : allowInlineToOverride = false : VMs defined inline may NOT replace previous VM definitions
2020-05-26 19:58:21,767 - Velocimacro : allowInlineLocal = false : VMs defined inline will be  global in scope if allowed.
2020-05-26 19:58:21,767 - Velocimacro : messages on  : VM system will output logging messages
2020-05-26 19:58:21,767 - Velocimacro : autoload off  : VM system will not automatically reload global library macros
2020-05-26 19:58:21,767 - Velocimacro : initialization complete.
2020-05-26 19:58:21,767 - Velocity successfully started.
2020-06-06 11:52:40,765 - SimpleLog4JLogSystem initialized using logfile 'velocity.log'
2020-06-06 11:52:40,765 - ************************************************************** 
2020-06-06 11:52:40,765 - Starting Jakarta Velocity v1.4
2020-06-06 11:52:40,765 - RuntimeInstance initializing.
2020-06-06 11:52:40,766 - Default Properties File: org\apache\velocity\runtime\defaults\velocity.properties
2020-06-06 11:52:40,766 - Trying to use logger class org.apache.velocity.runtime.log.SimpleLog4JLogSystem
2020-06-06 11:52:40,766 - Using logger class org.apache.velocity.runtime.log.SimpleLog4JLogSystem
2020-06-06 11:52:40,767 - Default ResourceManager initializing. (class org.apache.velocity.runtime.resource.ResourceManagerImpl)
2020-06-06 11:52:40,768 - Resource Loader Instantiated: org.apache.velocity.runtime.resource.loader.ClasspathResourceLoader
2020-06-06 11:52:40,769 - ClasspathResourceLoader : initialization starting.
2020-06-06 11:52:40,769 - ClasspathResourceLoader : initialization complete.
2020-06-06 11:52:40,769 - ResourceCache : initialized. (class org.apache.velocity.runtime.resource.ResourceCacheImpl)
2020-06-06 11:52:40,769 - Default ResourceManager initialization complete.
2020-06-06 11:52:40,770 - Loaded System Directive: org.apache.velocity.runtime.directive.Literal
2020-06-06 11:52:40,771 - Loaded System Directive: org.apache.velocity.runtime.directive.Macro
2020-06-06 11:52:40,772 - Loaded System Directive: org.apache.velocity.runtime.directive.Parse
2020-06-06 11:52:40,773 - Loaded System Directive: org.apache.velocity.runtime.directive.Include
2020-06-06 11:52:40,774 - Loaded System Directive: org.apache.velocity.runtime.directive.Foreach
2020-06-06 11:52:40,788 - Created: 20 parsers.
2020-06-06 11:52:40,792 - Velocimacro : initialization starting.
2020-06-06 11:52:40,792 - Velocimacro : adding VMs from VM library template : VM_global_library.vm
2020-06-06 11:52:40,794 - ResourceManager : unable to find resource 'VM_global_library.vm' in any resource loader.
2020-06-06 11:52:40,794 - Velocimacro : error using  VM library template VM_global_library.vm : org.apache.velocity.exception.ResourceNotFoundException: Unable to find resource 'VM_global_library.vm'
2020-06-06 11:52:40,794 - Velocimacro :  VM library template macro registration complete.
2020-06-06 11:52:40,794 - Velocimacro : allowInline = true : VMs can be defined inline in templates
2020-06-06 11:52:40,794 - Velocimacro : allowInlineToOverride = false : VMs defined inline may NOT replace previous VM definitions
2020-06-06 11:52:40,794 - Velocimacro : allowInlineLocal = false : VMs defined inline will be  global in scope if allowed.
2020-06-06 11:52:40,794 - Velocimacro : messages on  : VM system will output logging messages
2020-06-06 11:52:40,794 - Velocimacro : autoload off  : VM system will not automatically reload global library macros
2020-06-06 11:52:40,794 - Velocimacro : initialization complete.
2020-06-06 11:52:40,794 - Velocity successfully started.
2020-06-06 11:53:02,903 - SimpleLog4JLogSystem initialized using logfile 'velocity.log'
2020-06-06 11:53:02,904 - ************************************************************** 
2020-06-06 11:53:02,904 - Starting Jakarta Velocity v1.4
2020-06-06 11:53:02,904 - RuntimeInstance initializing.
2020-06-06 11:53:02,904 - Default Properties File: org\apache\velocity\runtime\defaults\velocity.properties
2020-06-06 11:53:02,904 - Trying to use logger class org.apache.velocity.runtime.log.SimpleLog4JLogSystem
2020-06-06 11:53:02,904 - Using logger class org.apache.velocity.runtime.log.SimpleLog4JLogSystem
2020-06-06 11:53:02,905 - Default ResourceManager initializing. (class org.apache.velocity.runtime.resource.ResourceManagerImpl)
2020-06-06 11:53:02,906 - Resource Loader Instantiated: org.apache.velocity.runtime.resource.loader.ClasspathResourceLoader
2020-06-06 11:53:02,906 - ClasspathResourceLoader : initialization starting.
2020-06-06 11:53:02,906 - ClasspathResourceLoader : initialization complete.
2020-06-06 11:53:02,907 - ResourceCache : initialized. (class org.apache.velocity.runtime.resource.ResourceCacheImpl)
2020-06-06 11:53:02,907 - Default ResourceManager initialization complete.
2020-06-06 11:53:02,908 - Loaded System Directive: org.apache.velocity.runtime.directive.Literal
2020-06-06 11:53:02,909 - Loaded System Directive: org.apache.velocity.runtime.directive.Macro
2020-06-06 11:53:02,910 - Loaded System Directive: org.apache.velocity.runtime.directive.Parse
2020-06-06 11:53:02,911 - Loaded System Directive: org.apache.velocity.runtime.directive.Include
2020-06-06 11:53:02,911 - Loaded System Directive: org.apache.velocity.runtime.directive.Foreach
2020-06-06 11:53:02,926 - Created: 20 parsers.
2020-06-06 11:53:02,929 - Velocimacro : initialization starting.
2020-06-06 11:53:02,929 - Velocimacro : adding VMs from VM library template : VM_global_library.vm
2020-06-06 11:53:02,931 - ResourceManager : unable to find resource 'VM_global_library.vm' in any resource loader.
2020-06-06 11:53:02,931 - Velocimacro : error using  VM library template VM_global_library.vm : org.apache.velocity.exception.ResourceNotFoundException: Unable to find resource 'VM_global_library.vm'
2020-06-06 11:53:02,931 - Velocimacro :  VM library template macro registration complete.
2020-06-06 11:53:02,931 - Velocimacro : allowInline = true : VMs can be defined inline in templates
2020-06-06 11:53:02,931 - Velocimacro : allowInlineToOverride = false : VMs defined inline may NOT replace previous VM definitions
2020-06-06 11:53:02,931 - Velocimacro : allowInlineLocal = false : VMs defined inline will be  global in scope if allowed.
2020-06-06 11:53:02,931 - Velocimacro : messages on  : VM system will output logging messages
2020-06-06 11:53:02,931 - Velocimacro : autoload off  : VM system will not automatically reload global library macros
2020-06-06 11:53:02,931 - Velocimacro : initialization complete.
2020-06-06 11:53:02,931 - Velocity successfully started.
2020-06-06 11:58:56,237 - SimpleLog4JLogSystem initialized using logfile 'velocity.log'
2020-06-06 11:58:56,237 - ************************************************************** 
2020-06-06 11:58:56,237 - Starting Jakarta Velocity v1.4
2020-06-06 11:58:56,237 - RuntimeInstance initializing.
2020-06-06 11:58:56,237 - Default Properties File: org\apache\velocity\runtime\defaults\velocity.properties
2020-06-06 11:58:56,237 - Trying to use logger class org.apache.velocity.runtime.log.SimpleLog4JLogSystem
2020-06-06 11:58:56,237 - Using logger class org.apache.velocity.runtime.log.SimpleLog4JLogSystem
2020-06-06 11:58:56,239 - Default ResourceManager initializing. (class org.apache.velocity.runtime.resource.ResourceManagerImpl)
2020-06-06 11:58:56,240 - Resource Loader Instantiated: org.apache.velocity.runtime.resource.loader.ClasspathResourceLoader
2020-06-06 11:58:56,240 - ClasspathResourceLoader : initialization starting.
2020-06-06 11:58:56,240 - ClasspathResourceLoader : initialization complete.
2020-06-06 11:58:56,241 - ResourceCache : initialized. (class org.apache.velocity.runtime.resource.ResourceCacheImpl)
2020-06-06 11:58:56,241 - Default ResourceManager initialization complete.
2020-06-06 11:58:56,242 - Loaded System Directive: org.apache.velocity.runtime.directive.Literal
2020-06-06 11:58:56,243 - Loaded System Directive: org.apache.velocity.runtime.directive.Macro
2020-06-06 11:58:56,244 - Loaded System Directive: org.apache.velocity.runtime.directive.Parse
2020-06-06 11:58:56,245 - Loaded System Directive: org.apache.velocity.runtime.directive.Include
2020-06-06 11:58:56,246 - Loaded System Directive: org.apache.velocity.runtime.directive.Foreach
2020-06-06 11:58:56,261 - Created: 20 parsers.
2020-06-06 11:58:56,264 - Velocimacro : initialization starting.
2020-06-06 11:58:56,264 - Velocimacro : adding VMs from VM library template : VM_global_library.vm
2020-06-06 11:58:56,266 - ResourceManager : unable to find resource 'VM_global_library.vm' in any resource loader.
2020-06-06 11:58:56,266 - Velocimacro : error using  VM library template VM_global_library.vm : org.apache.velocity.exception.ResourceNotFoundException: Unable to find resource 'VM_global_library.vm'
2020-06-06 11:58:56,266 - Velocimacro :  VM library template macro registration complete.
2020-06-06 11:58:56,266 - Velocimacro : allowInline = true : VMs can be defined inline in templates
2020-06-06 11:58:56,266 - Velocimacro : allowInlineToOverride = false : VMs defined inline may NOT replace previous VM definitions
2020-06-06 11:58:56,266 - Velocimacro : allowInlineLocal = false : VMs defined inline will be  global in scope if allowed.
2020-06-06 11:58:56,266 - Velocimacro : messages on  : VM system will output logging messages
2020-06-06 11:58:56,266 - Velocimacro : autoload off  : VM system will not automatically reload global library macros
2020-06-06 11:58:56,266 - Velocimacro : initialization complete.
2020-06-06 11:58:56,266 - Velocity successfully started.
2020-06-06 13:37:09,706 - SimpleLog4JLogSystem initialized using logfile 'velocity.log'
2020-06-06 13:37:09,706 - ************************************************************** 
2020-06-06 13:37:09,706 - Starting Jakarta Velocity v1.4
2020-06-06 13:37:09,706 - RuntimeInstance initializing.
2020-06-06 13:37:09,706 - Default Properties File: org\apache\velocity\runtime\defaults\velocity.properties
2020-06-06 13:37:09,706 - Trying to use logger class org.apache.velocity.runtime.log.SimpleLog4JLogSystem
2020-06-06 13:37:09,706 - Using logger class org.apache.velocity.runtime.log.SimpleLog4JLogSystem
2020-06-06 13:37:09,707 - Default ResourceManager initializing. (class org.apache.velocity.runtime.resource.ResourceManagerImpl)
2020-06-06 13:37:09,708 - Resource Loader Instantiated: org.apache.velocity.runtime.resource.loader.ClasspathResourceLoader
2020-06-06 13:37:09,709 - ClasspathResourceLoader : initialization starting.
2020-06-06 13:37:09,709 - ClasspathResourceLoader : initialization complete.
2020-06-06 13:37:09,709 - ResourceCache : initialized. (class org.apache.velocity.runtime.resource.ResourceCacheImpl)
2020-06-06 13:37:09,709 - Default ResourceManager initialization complete.
2020-06-06 13:37:09,710 - Loaded System Directive: org.apache.velocity.runtime.directive.Literal
2020-06-06 13:37:09,711 - Loaded System Directive: org.apache.velocity.runtime.directive.Macro
2020-06-06 13:37:09,712 - Loaded System Directive: org.apache.velocity.runtime.directive.Parse
2020-06-06 13:37:09,713 - Loaded System Directive: org.apache.velocity.runtime.directive.Include
2020-06-06 13:37:09,714 - Loaded System Directive: org.apache.velocity.runtime.directive.Foreach
2020-06-06 13:37:09,728 - Created: 20 parsers.
2020-06-06 13:37:09,731 - Velocimacro : initialization starting.
2020-06-06 13:37:09,731 - Velocimacro : adding VMs from VM library template : VM_global_library.vm
2020-06-06 13:37:09,733 - ResourceManager : unable to find resource 'VM_global_library.vm' in any resource loader.
2020-06-06 13:37:09,733 - Velocimacro : error using  VM library template VM_global_library.vm : org.apache.velocity.exception.ResourceNotFoundException: Unable to find resource 'VM_global_library.vm'
2020-06-06 13:37:09,733 - Velocimacro :  VM library template macro registration complete.
2020-06-06 13:37:09,733 - Velocimacro : allowInline = true : VMs can be defined inline in templates
2020-06-06 13:37:09,733 - Velocimacro : allowInlineToOverride = false : VMs defined inline may NOT replace previous VM definitions
2020-06-06 13:37:09,733 - Velocimacro : allowInlineLocal = false : VMs defined inline will be  global in scope if allowed.
2020-06-06 13:37:09,733 - Velocimacro : messages on  : VM system will output logging messages
2020-06-06 13:37:09,733 - Velocimacro : autoload off  : VM system will not automatically reload global library macros
2020-06-06 13:37:09,733 - Velocimacro : initialization complete.
2020-06-06 13:37:09,733 - Velocity successfully started.
2020-06-06 13:38:28,069 - SimpleLog4JLogSystem initialized using logfile 'velocity.log'
2020-06-06 13:38:28,070 - ************************************************************** 
2020-06-06 13:38:28,070 - Starting Jakarta Velocity v1.4
2020-06-06 13:38:28,070 - RuntimeInstance initializing.
2020-06-06 13:38:28,070 - Default Properties File: org\apache\velocity\runtime\defaults\velocity.properties
2020-06-06 13:38:28,070 - Trying to use logger class org.apache.velocity.runtime.log.SimpleLog4JLogSystem
2020-06-06 13:38:28,070 - Using logger class org.apache.velocity.runtime.log.SimpleLog4JLogSystem
2020-06-06 13:38:28,071 - Default ResourceManager initializing. (class org.apache.velocity.runtime.resource.ResourceManagerImpl)
2020-06-06 13:38:28,072 - Resource Loader Instantiated: org.apache.velocity.runtime.resource.loader.ClasspathResourceLoader
2020-06-06 13:38:28,073 - ClasspathResourceLoader : initialization starting.
2020-06-06 13:38:28,073 - ClasspathResourceLoader : initialization complete.
2020-06-06 13:38:28,073 - ResourceCache : initialized. (class org.apache.velocity.runtime.resource.ResourceCacheImpl)
2020-06-06 13:38:28,073 - Default ResourceManager initialization complete.
2020-06-06 13:38:28,074 - Loaded System Directive: org.apache.velocity.runtime.directive.Literal
2020-06-06 13:38:28,075 - Loaded System Directive: org.apache.velocity.runtime.directive.Macro
2020-06-06 13:38:28,076 - Loaded System Directive: org.apache.velocity.runtime.directive.Parse
2020-06-06 13:38:28,077 - Loaded System Directive: org.apache.velocity.runtime.directive.Include
2020-06-06 13:38:28,078 - Loaded System Directive: org.apache.velocity.runtime.directive.Foreach
2020-06-06 13:38:28,092 - Created: 20 parsers.
2020-06-06 13:38:28,096 - Velocimacro : initialization starting.
2020-06-06 13:38:28,096 - Velocimacro : adding VMs from VM library template : VM_global_library.vm
2020-06-06 13:38:28,097 - ResourceManager : unable to find resource 'VM_global_library.vm' in any resource loader.
2020-06-06 13:38:28,098 - Velocimacro : error using  VM library template VM_global_library.vm : org.apache.velocity.exception.ResourceNotFoundException: Unable to find resource 'VM_global_library.vm'
2020-06-06 13:38:28,098 - Velocimacro :  VM library template macro registration complete.
2020-06-06 13:38:28,098 - Velocimacro : allowInline = true : VMs can be defined inline in templates
2020-06-06 13:38:28,098 - Velocimacro : allowInlineToOverride = false : VMs defined inline may NOT replace previous VM definitions
2020-06-06 13:38:28,098 - Velocimacro : allowInlineLocal = false : VMs defined inline will be  global in scope if allowed.
2020-06-06 13:38:28,098 - Velocimacro : messages on  : VM system will output logging messages
2020-06-06 13:38:28,098 - Velocimacro : autoload off  : VM system will not automatically reload global library macros
2020-06-06 13:38:28,098 - Velocimacro : initialization complete.
2020-06-06 13:38:28,098 - Velocity successfully started.
2020-06-06 13:38:47,054 - SimpleLog4JLogSystem initialized using logfile 'velocity.log'
2020-06-06 13:38:47,054 - ************************************************************** 
2020-06-06 13:38:47,054 - Starting Jakarta Velocity v1.4
2020-06-06 13:38:47,054 - RuntimeInstance initializing.
2020-06-06 13:38:47,054 - Default Properties File: org\apache\velocity\runtime\defaults\velocity.properties
2020-06-06 13:38:47,054 - Trying to use logger class org.apache.velocity.runtime.log.SimpleLog4JLogSystem
2020-06-06 13:38:47,054 - Using logger class org.apache.velocity.runtime.log.SimpleLog4JLogSystem
2020-06-06 13:38:47,056 - Default ResourceManager initializing. (class org.apache.velocity.runtime.resource.ResourceManagerImpl)
2020-06-06 13:38:47,057 - Resource Loader Instantiated: org.apache.velocity.runtime.resource.loader.ClasspathResourceLoader
2020-06-06 13:38:47,057 - ClasspathResourceLoader : initialization starting.
2020-06-06 13:38:47,057 - ClasspathResourceLoader : initialization complete.
2020-06-06 13:38:47,057 - ResourceCache : initialized. (class org.apache.velocity.runtime.resource.ResourceCacheImpl)
2020-06-06 13:38:47,057 - Default ResourceManager initialization complete.
2020-06-06 13:38:47,058 - Loaded System Directive: org.apache.velocity.runtime.directive.Literal
2020-06-06 13:38:47,059 - Loaded System Directive: org.apache.velocity.runtime.directive.Macro
2020-06-06 13:38:47,060 - Loaded System Directive: org.apache.velocity.runtime.directive.Parse
2020-06-06 13:38:47,061 - Loaded System Directive: org.apache.velocity.runtime.directive.Include
2020-06-06 13:38:47,062 - Loaded System Directive: org.apache.velocity.runtime.directive.Foreach
2020-06-06 13:38:47,076 - Created: 20 parsers.
2020-06-06 13:38:47,079 - Velocimacro : initialization starting.
2020-06-06 13:38:47,079 - Velocimacro : adding VMs from VM library template : VM_global_library.vm
2020-06-06 13:38:47,081 - ResourceManager : unable to find resource 'VM_global_library.vm' in any resource loader.
2020-06-06 13:38:47,081 - Velocimacro : error using  VM library template VM_global_library.vm : org.apache.velocity.exception.ResourceNotFoundException: Unable to find resource 'VM_global_library.vm'
2020-06-06 13:38:47,081 - Velocimacro :  VM library template macro registration complete.
2020-06-06 13:38:47,081 - Velocimacro : allowInline = true : VMs can be defined inline in templates
2020-06-06 13:38:47,081 - Velocimacro : allowInlineToOverride = false : VMs defined inline may NOT replace previous VM definitions
2020-06-06 13:38:47,081 - Velocimacro : allowInlineLocal = false : VMs defined inline will be  global in scope if allowed.
2020-06-06 13:38:47,081 - Velocimacro : messages on  : VM system will output logging messages
2020-06-06 13:38:47,081 - Velocimacro : autoload off  : VM system will not automatically reload global library macros
2020-06-06 13:38:47,081 - Velocimacro : initialization complete.
2020-06-06 13:38:47,081 - Velocity successfully started.
2020-06-06 14:01:01,095 - SimpleLog4JLogSystem initialized using logfile 'velocity.log'
2020-06-06 14:01:01,096 - ************************************************************** 
2020-06-06 14:01:01,096 - Starting Jakarta Velocity v1.4
2020-06-06 14:01:01,096 - RuntimeInstance initializing.
2020-06-06 14:01:01,096 - Default Properties File: org\apache\velocity\runtime\defaults\velocity.properties
2020-06-06 14:01:01,096 - Trying to use logger class org.apache.velocity.runtime.log.SimpleLog4JLogSystem
2020-06-06 14:01:01,096 - Using logger class org.apache.velocity.runtime.log.SimpleLog4JLogSystem
2020-06-06 14:01:01,097 - Default ResourceManager initializing. (class org.apache.velocity.runtime.resource.ResourceManagerImpl)
2020-06-06 14:01:01,098 - Resource Loader Instantiated: org.apache.velocity.runtime.resource.loader.ClasspathResourceLoader
2020-06-06 14:01:01,098 - ClasspathResourceLoader : initialization starting.
2020-06-06 14:01:01,098 - ClasspathResourceLoader : initialization complete.
2020-06-06 14:01:01,099 - ResourceCache : initialized. (class org.apache.velocity.runtime.resource.ResourceCacheImpl)
2020-06-06 14:01:01,099 - Default ResourceManager initialization complete.
2020-06-06 14:01:01,100 - Loaded System Directive: org.apache.velocity.runtime.directive.Literal
2020-06-06 14:01:01,101 - Loaded System Directive: org.apache.velocity.runtime.directive.Macro
2020-06-06 14:01:01,102 - Loaded System Directive: org.apache.velocity.runtime.directive.Parse
2020-06-06 14:01:01,103 - Loaded System Directive: org.apache.velocity.runtime.directive.Include
2020-06-06 14:01:01,103 - Loaded System Directive: org.apache.velocity.runtime.directive.Foreach
2020-06-06 14:01:01,118 - Created: 20 parsers.
2020-06-06 14:01:01,121 - Velocimacro : initialization starting.
2020-06-06 14:01:01,121 - Velocimacro : adding VMs from VM library template : VM_global_library.vm
2020-06-06 14:01:01,123 - ResourceManager : unable to find resource 'VM_global_library.vm' in any resource loader.
2020-06-06 14:01:01,123 - Velocimacro : error using  VM library template VM_global_library.vm : org.apache.velocity.exception.ResourceNotFoundException: Unable to find resource 'VM_global_library.vm'
2020-06-06 14:01:01,123 - Velocimacro :  VM library template macro registration complete.
2020-06-06 14:01:01,123 - Velocimacro : allowInline = true : VMs can be defined inline in templates
2020-06-06 14:01:01,123 - Velocimacro : allowInlineToOverride = false : VMs defined inline may NOT replace previous VM definitions
2020-06-06 14:01:01,123 - Velocimacro : allowInlineLocal = false : VMs defined inline will be  global in scope if allowed.
2020-06-06 14:01:01,123 - Velocimacro : messages on  : VM system will output logging messages
2020-06-06 14:01:01,123 - Velocimacro : autoload off  : VM system will not automatically reload global library macros
2020-06-06 14:01:01,123 - Velocimacro : initialization complete.
2020-06-06 14:01:01,123 - Velocity successfully started.
2020-06-06 14:02:39,970 - SimpleLog4JLogSystem initialized using logfile 'velocity.log'
2020-06-06 14:02:39,971 - ************************************************************** 
2020-06-06 14:02:39,971 - Starting Jakarta Velocity v1.4
2020-06-06 14:02:39,971 - RuntimeInstance initializing.
2020-06-06 14:02:39,971 - Default Properties File: org\apache\velocity\runtime\defaults\velocity.properties
2020-06-06 14:02:39,971 - Trying to use logger class org.apache.velocity.runtime.log.SimpleLog4JLogSystem
2020-06-06 14:02:39,971 - Using logger class org.apache.velocity.runtime.log.SimpleLog4JLogSystem
2020-06-06 14:02:39,972 - Default ResourceManager initializing. (class org.apache.velocity.runtime.resource.ResourceManagerImpl)
2020-06-06 14:02:39,973 - Resource Loader Instantiated: org.apache.velocity.runtime.resource.loader.ClasspathResourceLoader
2020-06-06 14:02:39,973 - ClasspathResourceLoader : initialization starting.
2020-06-06 14:02:39,973 - ClasspathResourceLoader : initialization complete.
2020-06-06 14:02:39,974 - ResourceCache : initialized. (class org.apache.velocity.runtime.resource.ResourceCacheImpl)
2020-06-06 14:02:39,974 - Default ResourceManager initialization complete.
2020-06-06 14:02:39,975 - Loaded System Directive: org.apache.velocity.runtime.directive.Literal
2020-06-06 14:02:39,976 - Loaded System Directive: org.apache.velocity.runtime.directive.Macro
2020-06-06 14:02:39,977 - Loaded System Directive: org.apache.velocity.runtime.directive.Parse
2020-06-06 14:02:39,978 - Loaded System Directive: org.apache.velocity.runtime.directive.Include
2020-06-06 14:02:39,978 - Loaded System Directive: org.apache.velocity.runtime.directive.Foreach
2020-06-06 14:02:39,992 - Created: 20 parsers.
2020-06-06 14:02:39,995 - Velocimacro : initialization starting.
2020-06-06 14:02:39,995 - Velocimacro : adding VMs from VM library template : VM_global_library.vm
2020-06-06 14:02:39,997 - ResourceManager : unable to find resource 'VM_global_library.vm' in any resource loader.
2020-06-06 14:02:39,997 - Velocimacro : error using  VM library template VM_global_library.vm : org.apache.velocity.exception.ResourceNotFoundException: Unable to find resource 'VM_global_library.vm'
2020-06-06 14:02:39,997 - Velocimacro :  VM library template macro registration complete.
2020-06-06 14:02:39,997 - Velocimacro : allowInline = true : VMs can be defined inline in templates
2020-06-06 14:02:39,997 - Velocimacro : allowInlineToOverride = false : VMs defined inline may NOT replace previous VM definitions
2020-06-06 14:02:39,997 - Velocimacro : allowInlineLocal = false : VMs defined inline will be  global in scope if allowed.
2020-06-06 14:02:39,997 - Velocimacro : messages on  : VM system will output logging messages
2020-06-06 14:02:39,997 - Velocimacro : autoload off  : VM system will not automatically reload global library macros
2020-06-06 14:02:39,997 - Velocimacro : initialization complete.
2020-06-06 14:02:39,997 - Velocity successfully started.
2020-06-06 14:21:01,349 - SimpleLog4JLogSystem initialized using logfile 'velocity.log'
2020-06-06 14:21:01,349 - ************************************************************** 
2020-06-06 14:21:01,349 - Starting Jakarta Velocity v1.4
2020-06-06 14:21:01,349 - RuntimeInstance initializing.
2020-06-06 14:21:01,349 - Default Properties File: org\apache\velocity\runtime\defaults\velocity.properties
2020-06-06 14:21:01,349 - Trying to use logger class org.apache.velocity.runtime.log.SimpleLog4JLogSystem
2020-06-06 14:21:01,349 - Using logger class org.apache.velocity.runtime.log.SimpleLog4JLogSystem
2020-06-06 14:21:01,351 - Default ResourceManager initializing. (class org.apache.velocity.runtime.resource.ResourceManagerImpl)
2020-06-06 14:21:01,352 - Resource Loader Instantiated: org.apache.velocity.runtime.resource.loader.ClasspathResourceLoader
2020-06-06 14:21:01,352 - ClasspathResourceLoader : initialization starting.
2020-06-06 14:21:01,352 - ClasspathResourceLoader : initialization complete.
2020-06-06 14:21:01,353 - ResourceCache : initialized. (class org.apache.velocity.runtime.resource.ResourceCacheImpl)
2020-06-06 14:21:01,353 - Default ResourceManager initialization complete.
2020-06-06 14:21:01,354 - Loaded System Directive: org.apache.velocity.runtime.directive.Literal
2020-06-06 14:21:01,355 - Loaded System Directive: org.apache.velocity.runtime.directive.Macro
2020-06-06 14:21:01,356 - Loaded System Directive: org.apache.velocity.runtime.directive.Parse
2020-06-06 14:21:01,357 - Loaded System Directive: org.apache.velocity.runtime.directive.Include
2020-06-06 14:21:01,358 - Loaded System Directive: org.apache.velocity.runtime.directive.Foreach
2020-06-06 14:21:01,372 - Created: 20 parsers.
2020-06-06 14:21:01,376 - Velocimacro : initialization starting.
2020-06-06 14:21:01,376 - Velocimacro : adding VMs from VM library template : VM_global_library.vm
2020-06-06 14:21:01,378 - ResourceManager : unable to find resource 'VM_global_library.vm' in any resource loader.
2020-06-06 14:21:01,378 - Velocimacro : error using  VM library template VM_global_library.vm : org.apache.velocity.exception.ResourceNotFoundException: Unable to find resource 'VM_global_library.vm'
2020-06-06 14:21:01,378 - Velocimacro :  VM library template macro registration complete.
2020-06-06 14:21:01,378 - Velocimacro : allowInline = true : VMs can be defined inline in templates
2020-06-06 14:21:01,378 - Velocimacro : allowInlineToOverride = false : VMs defined inline may NOT replace previous VM definitions
2020-06-06 14:21:01,378 - Velocimacro : allowInlineLocal = false : VMs defined inline will be  global in scope if allowed.
2020-06-06 14:21:01,378 - Velocimacro : messages on  : VM system will output logging messages
2020-06-06 14:21:01,378 - Velocimacro : autoload off  : VM system will not automatically reload global library macros
2020-06-06 14:21:01,378 - Velocimacro : initialization complete.
2020-06-06 14:21:01,378 - Velocity successfully started.
2020-06-06 14:21:57,610 - SimpleLog4JLogSystem initialized using logfile 'velocity.log'
2020-06-06 14:21:57,611 - ************************************************************** 
2020-06-06 14:21:57,611 - Starting Jakarta Velocity v1.4
2020-06-06 14:21:57,611 - RuntimeInstance initializing.
2020-06-06 14:21:57,611 - Default Properties File: org\apache\velocity\runtime\defaults\velocity.properties
2020-06-06 14:21:57,611 - Trying to use logger class org.apache.velocity.runtime.log.SimpleLog4JLogSystem
2020-06-06 14:21:57,611 - Using logger class org.apache.velocity.runtime.log.SimpleLog4JLogSystem
2020-06-06 14:21:57,612 - Default ResourceManager initializing. (class org.apache.velocity.runtime.resource.ResourceManagerImpl)
2020-06-06 14:21:57,614 - Resource Loader Instantiated: org.apache.velocity.runtime.resource.loader.ClasspathResourceLoader
2020-06-06 14:21:57,614 - ClasspathResourceLoader : initialization starting.
2020-06-06 14:21:57,614 - ClasspathResourceLoader : initialization complete.
2020-06-06 14:21:57,615 - ResourceCache : initialized. (class org.apache.velocity.runtime.resource.ResourceCacheImpl)
2020-06-06 14:21:57,615 - Default ResourceManager initialization complete.
2020-06-06 14:21:57,615 - Loaded System Directive: org.apache.velocity.runtime.directive.Literal
2020-06-06 14:21:57,616 - Loaded System Directive: org.apache.velocity.runtime.directive.Macro
2020-06-06 14:21:57,617 - Loaded System Directive: org.apache.velocity.runtime.directive.Parse
2020-06-06 14:21:57,619 - Loaded System Directive: org.apache.velocity.runtime.directive.Include
2020-06-06 14:21:57,619 - Loaded System Directive: org.apache.velocity.runtime.directive.Foreach
2020-06-06 14:21:57,634 - Created: 20 parsers.
2020-06-06 14:21:57,637 - Velocimacro : initialization starting.
2020-06-06 14:21:57,637 - Velocimacro : adding VMs from VM library template : VM_global_library.vm
2020-06-06 14:21:57,639 - ResourceManager : unable to find resource 'VM_global_library.vm' in any resource loader.
2020-06-06 14:21:57,639 - Velocimacro : error using  VM library template VM_global_library.vm : org.apache.velocity.exception.ResourceNotFoundException: Unable to find resource 'VM_global_library.vm'
2020-06-06 14:21:57,639 - Velocimacro :  VM library template macro registration complete.
2020-06-06 14:21:57,639 - Velocimacro : allowInline = true : VMs can be defined inline in templates
2020-06-06 14:21:57,639 - Velocimacro : allowInlineToOverride = false : VMs defined inline may NOT replace previous VM definitions
2020-06-06 14:21:57,639 - Velocimacro : allowInlineLocal = false : VMs defined inline will be  global in scope if allowed.
2020-06-06 14:21:57,639 - Velocimacro : messages on  : VM system will output logging messages
2020-06-06 14:21:57,639 - Velocimacro : autoload off  : VM system will not automatically reload global library macros
2020-06-06 14:21:57,639 - Velocimacro : initialization complete.
2020-06-06 14:21:57,639 - Velocity successfully started.
2020-06-06 14:33:08,093 - SimpleLog4JLogSystem initialized using logfile 'velocity.log'
2020-06-06 14:33:08,093 - ************************************************************** 
2020-06-06 14:33:08,093 - Starting Jakarta Velocity v1.4
2020-06-06 14:33:08,093 - RuntimeInstance initializing.
2020-06-06 14:33:08,093 - Default Properties File: org\apache\velocity\runtime\defaults\velocity.properties
2020-06-06 14:33:08,093 - Trying to use logger class org.apache.velocity.runtime.log.SimpleLog4JLogSystem
2020-06-06 14:33:08,093 - Using logger class org.apache.velocity.runtime.log.SimpleLog4JLogSystem
2020-06-06 14:33:08,095 - Default ResourceManager initializing. (class org.apache.velocity.runtime.resource.ResourceManagerImpl)
2020-06-06 14:33:08,096 - Resource Loader Instantiated: org.apache.velocity.runtime.resource.loader.ClasspathResourceLoader
2020-06-06 14:33:08,096 - ClasspathResourceLoader : initialization starting.
2020-06-06 14:33:08,096 - ClasspathResourceLoader : initialization complete.
2020-06-06 14:33:08,097 - ResourceCache : initialized. (class org.apache.velocity.runtime.resource.ResourceCacheImpl)
2020-06-06 14:33:08,097 - Default ResourceManager initialization complete.
2020-06-06 14:33:08,098 - Loaded System Directive: org.apache.velocity.runtime.directive.Literal
2020-06-06 14:33:08,099 - Loaded System Directive: org.apache.velocity.runtime.directive.Macro
2020-06-06 14:33:08,100 - Loaded System Directive: org.apache.velocity.runtime.directive.Parse
2020-06-06 14:33:08,101 - Loaded System Directive: org.apache.velocity.runtime.directive.Include
2020-06-06 14:33:08,101 - Loaded System Directive: org.apache.velocity.runtime.directive.Foreach
2020-06-06 14:33:08,116 - Created: 20 parsers.
2020-06-06 14:33:08,119 - Velocimacro : initialization starting.
2020-06-06 14:33:08,119 - Velocimacro : adding VMs from VM library template : VM_global_library.vm
2020-06-06 14:33:08,121 - ResourceManager : unable to find resource 'VM_global_library.vm' in any resource loader.
2020-06-06 14:33:08,121 - Velocimacro : error using  VM library template VM_global_library.vm : org.apache.velocity.exception.ResourceNotFoundException: Unable to find resource 'VM_global_library.vm'
2020-06-06 14:33:08,121 - Velocimacro :  VM library template macro registration complete.
2020-06-06 14:33:08,121 - Velocimacro : allowInline = true : VMs can be defined inline in templates
2020-06-06 14:33:08,121 - Velocimacro : allowInlineToOverride = false : VMs defined inline may NOT replace previous VM definitions
2020-06-06 14:33:08,121 - Velocimacro : allowInlineLocal = false : VMs defined inline will be  global in scope if allowed.
2020-06-06 14:33:08,121 - Velocimacro : messages on  : VM system will output logging messages
2020-06-06 14:33:08,121 - Velocimacro : autoload off  : VM system will not automatically reload global library macros
2020-06-06 14:33:08,121 - Velocimacro : initialization complete.
2020-06-06 14:33:08,121 - Velocity successfully started.
2020-06-06 14:35:04,453 - SimpleLog4JLogSystem initialized using logfile 'velocity.log'
2020-06-06 14:35:04,453 - ************************************************************** 
2020-06-06 14:35:04,453 - Starting Jakarta Velocity v1.4
2020-06-06 14:35:04,453 - RuntimeInstance initializing.
2020-06-06 14:35:04,453 - Default Properties File: org\apache\velocity\runtime\defaults\velocity.properties
2020-06-06 14:35:04,453 - Trying to use logger class org.apache.velocity.runtime.log.SimpleLog4JLogSystem
2020-06-06 14:35:04,453 - Using logger class org.apache.velocity.runtime.log.SimpleLog4JLogSystem
2020-06-06 14:35:04,455 - Default ResourceManager initializing. (class org.apache.velocity.runtime.resource.ResourceManagerImpl)
2020-06-06 14:35:04,456 - Resource Loader Instantiated: org.apache.velocity.runtime.resource.loader.ClasspathResourceLoader
2020-06-06 14:35:04,456 - ClasspathResourceLoader : initialization starting.
2020-06-06 14:35:04,456 - ClasspathResourceLoader : initialization complete.
2020-06-06 14:35:04,457 - ResourceCache : initialized. (class org.apache.velocity.runtime.resource.ResourceCacheImpl)
2020-06-06 14:35:04,457 - Default ResourceManager initialization complete.
2020-06-06 14:35:04,458 - Loaded System Directive: org.apache.velocity.runtime.directive.Literal
2020-06-06 14:35:04,459 - Loaded System Directive: org.apache.velocity.runtime.directive.Macro
2020-06-06 14:35:04,460 - Loaded System Directive: org.apache.velocity.runtime.directive.Parse
2020-06-06 14:35:04,461 - Loaded System Directive: org.apache.velocity.runtime.directive.Include
2020-06-06 14:35:04,462 - Loaded System Directive: org.apache.velocity.runtime.directive.Foreach
2020-06-06 14:35:04,476 - Created: 20 parsers.
2020-06-06 14:35:04,480 - Velocimacro : initialization starting.
2020-06-06 14:35:04,480 - Velocimacro : adding VMs from VM library template : VM_global_library.vm
2020-06-06 14:35:04,482 - ResourceManager : unable to find resource 'VM_global_library.vm' in any resource loader.
2020-06-06 14:35:04,482 - Velocimacro : error using  VM library template VM_global_library.vm : org.apache.velocity.exception.ResourceNotFoundException: Unable to find resource 'VM_global_library.vm'
2020-06-06 14:35:04,482 - Velocimacro :  VM library template macro registration complete.
2020-06-06 14:35:04,482 - Velocimacro : allowInline = true : VMs can be defined inline in templates
2020-06-06 14:35:04,482 - Velocimacro : allowInlineToOverride = false : VMs defined inline may NOT replace previous VM definitions
2020-06-06 14:35:04,482 - Velocimacro : allowInlineLocal = false : VMs defined inline will be  global in scope if allowed.
2020-06-06 14:35:04,482 - Velocimacro : messages on  : VM system will output logging messages
2020-06-06 14:35:04,482 - Velocimacro : autoload off  : VM system will not automatically reload global library macros
2020-06-06 14:35:04,482 - Velocimacro : initialization complete.
2020-06-06 14:35:04,482 - Velocity successfully started.
2020-06-06 15:40:56,110 - SimpleLog4JLogSystem initialized using logfile 'velocity.log'
2020-06-06 15:40:56,110 - ************************************************************** 
2020-06-06 15:40:56,110 - Starting Jakarta Velocity v1.4
2020-06-06 15:40:56,110 - RuntimeInstance initializing.
2020-06-06 15:40:56,110 - Default Properties File: org\apache\velocity\runtime\defaults\velocity.properties
2020-06-06 15:40:56,110 - Trying to use logger class org.apache.velocity.runtime.log.SimpleLog4JLogSystem
2020-06-06 15:40:56,110 - Using logger class org.apache.velocity.runtime.log.SimpleLog4JLogSystem
2020-06-06 15:40:56,112 - Default ResourceManager initializing. (class org.apache.velocity.runtime.resource.ResourceManagerImpl)
2020-06-06 15:40:56,113 - Resource Loader Instantiated: org.apache.velocity.runtime.resource.loader.ClasspathResourceLoader
2020-06-06 15:40:56,113 - ClasspathResourceLoader : initialization starting.
2020-06-06 15:40:56,113 - ClasspathResourceLoader : initialization complete.
2020-06-06 15:40:56,114 - ResourceCache : initialized. (class org.apache.velocity.runtime.resource.ResourceCacheImpl)
2020-06-06 15:40:56,114 - Default ResourceManager initialization complete.
2020-06-06 15:40:56,115 - Loaded System Directive: org.apache.velocity.runtime.directive.Literal
2020-06-06 15:40:56,116 - Loaded System Directive: org.apache.velocity.runtime.directive.Macro
2020-06-06 15:40:56,117 - Loaded System Directive: org.apache.velocity.runtime.directive.Parse
2020-06-06 15:40:56,118 - Loaded System Directive: org.apache.velocity.runtime.directive.Include
2020-06-06 15:40:56,119 - Loaded System Directive: org.apache.velocity.runtime.directive.Foreach
2020-06-06 15:40:56,133 - Created: 20 parsers.
2020-06-06 15:40:56,137 - Velocimacro : initialization starting.
2020-06-06 15:40:56,137 - Velocimacro : adding VMs from VM library template : VM_global_library.vm
2020-06-06 15:40:56,139 - ResourceManager : unable to find resource 'VM_global_library.vm' in any resource loader.
2020-06-06 15:40:56,139 - Velocimacro : error using  VM library template VM_global_library.vm : org.apache.velocity.exception.ResourceNotFoundException: Unable to find resource 'VM_global_library.vm'
2020-06-06 15:40:56,139 - Velocimacro :  VM library template macro registration complete.
2020-06-06 15:40:56,139 - Velocimacro : allowInline = true : VMs can be defined inline in templates
2020-06-06 15:40:56,139 - Velocimacro : allowInlineToOverride = false : VMs defined inline may NOT replace previous VM definitions
2020-06-06 15:40:56,139 - Velocimacro : allowInlineLocal = false : VMs defined inline will be  global in scope if allowed.
2020-06-06 15:40:56,139 - Velocimacro : messages on  : VM system will output logging messages
2020-06-06 15:40:56,139 - Velocimacro : autoload off  : VM system will not automatically reload global library macros
2020-06-06 15:40:56,139 - Velocimacro : initialization complete.
2020-06-06 15:40:56,139 - Velocity successfully started.
2020-06-06 15:42:02,200 - SimpleLog4JLogSystem initialized using logfile 'velocity.log'
2020-06-06 15:42:02,201 - ************************************************************** 
2020-06-06 15:42:02,201 - Starting Jakarta Velocity v1.4
2020-06-06 15:42:02,201 - RuntimeInstance initializing.
2020-06-06 15:42:02,201 - Default Properties File: org\apache\velocity\runtime\defaults\velocity.properties
2020-06-06 15:42:02,201 - Trying to use logger class org.apache.velocity.runtime.log.SimpleLog4JLogSystem
2020-06-06 15:42:02,201 - Using logger class org.apache.velocity.runtime.log.SimpleLog4JLogSystem
2020-06-06 15:42:02,203 - Default ResourceManager initializing. (class org.apache.velocity.runtime.resource.ResourceManagerImpl)
2020-06-06 15:42:02,205 - Resource Loader Instantiated: org.apache.velocity.runtime.resource.loader.ClasspathResourceLoader
2020-06-06 15:42:02,205 - ClasspathResourceLoader : initialization starting.
2020-06-06 15:42:02,205 - ClasspathResourceLoader : initialization complete.
2020-06-06 15:42:02,206 - ResourceCache : initialized. (class org.apache.velocity.runtime.resource.ResourceCacheImpl)
2020-06-06 15:42:02,206 - Default ResourceManager initialization complete.
2020-06-06 15:42:02,207 - Loaded System Directive: org.apache.velocity.runtime.directive.Literal
2020-06-06 15:42:02,208 - Loaded System Directive: org.apache.velocity.runtime.directive.Macro
2020-06-06 15:42:02,209 - Loaded System Directive: org.apache.velocity.runtime.directive.Parse
2020-06-06 15:42:02,210 - Loaded System Directive: org.apache.velocity.runtime.directive.Include
2020-06-06 15:42:02,211 - Loaded System Directive: org.apache.velocity.runtime.directive.Foreach
2020-06-06 15:42:02,226 - Created: 20 parsers.
2020-06-06 15:42:02,229 - Velocimacro : initialization starting.
2020-06-06 15:42:02,229 - Velocimacro : adding VMs from VM library template : VM_global_library.vm
2020-06-06 15:42:02,231 - ResourceManager : unable to find resource 'VM_global_library.vm' in any resource loader.
2020-06-06 15:42:02,231 - Velocimacro : error using  VM library template VM_global_library.vm : org.apache.velocity.exception.ResourceNotFoundException: Unable to find resource 'VM_global_library.vm'
2020-06-06 15:42:02,231 - Velocimacro :  VM library template macro registration complete.
2020-06-06 15:42:02,231 - Velocimacro : allowInline = true : VMs can be defined inline in templates
2020-06-06 15:42:02,231 - Velocimacro : allowInlineToOverride = false : VMs defined inline may NOT replace previous VM definitions
2020-06-06 15:42:02,231 - Velocimacro : allowInlineLocal = false : VMs defined inline will be  global in scope if allowed.
2020-06-06 15:42:02,231 - Velocimacro : messages on  : VM system will output logging messages
2020-06-06 15:42:02,231 - Velocimacro : autoload off  : VM system will not automatically reload global library macros
2020-06-06 15:42:02,231 - Velocimacro : initialization complete.
2020-06-06 15:42:02,231 - Velocity successfully started.
2020-06-06 20:40:24,039 - SimpleLog4JLogSystem initialized using logfile 'velocity.log'
2020-06-06 20:40:24,040 - ************************************************************** 
2020-06-06 20:40:24,040 - Starting Jakarta Velocity v1.4
2020-06-06 20:40:24,040 - RuntimeInstance initializing.
2020-06-06 20:40:24,040 - Default Properties File: org\apache\velocity\runtime\defaults\velocity.properties
2020-06-06 20:40:24,040 - Trying to use logger class org.apache.velocity.runtime.log.SimpleLog4JLogSystem
2020-06-06 20:40:24,040 - Using logger class org.apache.velocity.runtime.log.SimpleLog4JLogSystem
2020-06-06 20:40:24,042 - Default ResourceManager initializing. (class org.apache.velocity.runtime.resource.ResourceManagerImpl)
2020-06-06 20:40:24,045 - Resource Loader Instantiated: org.apache.velocity.runtime.resource.loader.ClasspathResourceLoader
2020-06-06 20:40:24,045 - ClasspathResourceLoader : initialization starting.
2020-06-06 20:40:24,045 - ClasspathResourceLoader : initialization complete.
2020-06-06 20:40:24,047 - ResourceCache : initialized. (class org.apache.velocity.runtime.resource.ResourceCacheImpl)
2020-06-06 20:40:24,048 - Default ResourceManager initialization complete.
2020-06-06 20:40:24,049 - Loaded System Directive: org.apache.velocity.runtime.directive.Literal
2020-06-06 20:40:24,050 - Loaded System Directive: org.apache.velocity.runtime.directive.Macro
2020-06-06 20:40:24,051 - Loaded System Directive: org.apache.velocity.runtime.directive.Parse
2020-06-06 20:40:24,052 - Loaded System Directive: org.apache.velocity.runtime.directive.Include
2020-06-06 20:40:24,053 - Loaded System Directive: org.apache.velocity.runtime.directive.Foreach
2020-06-06 20:40:24,070 - Created: 20 parsers.
2020-06-06 20:40:24,074 - Velocimacro : initialization starting.
2020-06-06 20:40:24,074 - Velocimacro : adding VMs from VM library template : VM_global_library.vm
2020-06-06 20:40:24,076 - ResourceManager : unable to find resource 'VM_global_library.vm' in any resource loader.
2020-06-06 20:40:24,076 - Velocimacro : error using  VM library template VM_global_library.vm : org.apache.velocity.exception.ResourceNotFoundException: Unable to find resource 'VM_global_library.vm'
2020-06-06 20:40:24,077 - Velocimacro :  VM library template macro registration complete.
2020-06-06 20:40:24,077 - Velocimacro : allowInline = true : VMs can be defined inline in templates
2020-06-06 20:40:24,077 - Velocimacro : allowInlineToOverride = false : VMs defined inline may NOT replace previous VM definitions
2020-06-06 20:40:24,077 - Velocimacro : allowInlineLocal = false : VMs defined inline will be  global in scope if allowed.
2020-06-06 20:40:24,077 - Velocimacro : messages on  : VM system will output logging messages
2020-06-06 20:40:24,077 - Velocimacro : autoload off  : VM system will not automatically reload global library macros
2020-06-06 20:40:24,077 - Velocimacro : initialization complete.
2020-06-06 20:40:24,077 - Velocity successfully started.
2020-06-06 21:59:24,845 - SimpleLog4JLogSystem initialized using logfile 'velocity.log'
2020-06-06 21:59:24,845 - ************************************************************** 
2020-06-06 21:59:24,846 - Starting Jakarta Velocity v1.4
2020-06-06 21:59:24,846 - RuntimeInstance initializing.
2020-06-06 21:59:24,846 - Default Properties File: org\apache\velocity\runtime\defaults\velocity.properties
2020-06-06 21:59:24,846 - Trying to use logger class org.apache.velocity.runtime.log.SimpleLog4JLogSystem
2020-06-06 21:59:24,846 - Using logger class org.apache.velocity.runtime.log.SimpleLog4JLogSystem
2020-06-06 21:59:24,848 - Default ResourceManager initializing. (class org.apache.velocity.runtime.resource.ResourceManagerImpl)
2020-06-06 21:59:24,850 - Resource Loader Instantiated: org.apache.velocity.runtime.resource.loader.ClasspathResourceLoader
2020-06-06 21:59:24,850 - ClasspathResourceLoader : initialization starting.
2020-06-06 21:59:24,850 - ClasspathResourceLoader : initialization complete.
2020-06-06 21:59:24,851 - ResourceCache : initialized. (class org.apache.velocity.runtime.resource.ResourceCacheImpl)
2020-06-06 21:59:24,851 - Default ResourceManager initialization complete.
2020-06-06 21:59:24,852 - Loaded System Directive: org.apache.velocity.runtime.directive.Literal
2020-06-06 21:59:24,853 - Loaded System Directive: org.apache.velocity.runtime.directive.Macro
2020-06-06 21:59:24,854 - Loaded System Directive: org.apache.velocity.runtime.directive.Parse
2020-06-06 21:59:24,855 - Loaded System Directive: org.apache.velocity.runtime.directive.Include
2020-06-06 21:59:24,855 - Loaded System Directive: org.apache.velocity.runtime.directive.Foreach
2020-06-06 21:59:24,871 - Created: 20 parsers.
2020-06-06 21:59:24,874 - Velocimacro : initialization starting.
2020-06-06 21:59:24,874 - Velocimacro : adding VMs from VM library template : VM_global_library.vm
2020-06-06 21:59:24,876 - ResourceManager : unable to find resource 'VM_global_library.vm' in any resource loader.
2020-06-06 21:59:24,876 - Velocimacro : error using  VM library template VM_global_library.vm : org.apache.velocity.exception.ResourceNotFoundException: Unable to find resource 'VM_global_library.vm'
2020-06-06 21:59:24,876 - Velocimacro :  VM library template macro registration complete.
2020-06-06 21:59:24,876 - Velocimacro : allowInline = true : VMs can be defined inline in templates
2020-06-06 21:59:24,876 - Velocimacro : allowInlineToOverride = false : VMs defined inline may NOT replace previous VM definitions
2020-06-06 21:59:24,876 - Velocimacro : allowInlineLocal = false : VMs defined inline will be  global in scope if allowed.
2020-06-06 21:59:24,876 - Velocimacro : messages on  : VM system will output logging messages
2020-06-06 21:59:24,876 - Velocimacro : autoload off  : VM system will not automatically reload global library macros
2020-06-06 21:59:24,876 - Velocimacro : initialization complete.
2020-06-06 21:59:24,876 - Velocity successfully started.
2020-06-06 22:08:42,278 - SimpleLog4JLogSystem initialized using logfile 'velocity.log'
2020-06-06 22:08:42,278 - ************************************************************** 
2020-06-06 22:08:42,278 - Starting Jakarta Velocity v1.4
2020-06-06 22:08:42,278 - RuntimeInstance initializing.
2020-06-06 22:08:42,278 - Default Properties File: org\apache\velocity\runtime\defaults\velocity.properties
2020-06-06 22:08:42,278 - Trying to use logger class org.apache.velocity.runtime.log.SimpleLog4JLogSystem
2020-06-06 22:08:42,278 - Using logger class org.apache.velocity.runtime.log.SimpleLog4JLogSystem
2020-06-06 22:08:42,280 - Default ResourceManager initializing. (class org.apache.velocity.runtime.resource.ResourceManagerImpl)
2020-06-06 22:08:42,282 - Resource Loader Instantiated: org.apache.velocity.runtime.resource.loader.ClasspathResourceLoader
2020-06-06 22:08:42,282 - ClasspathResourceLoader : initialization starting.
2020-06-06 22:08:42,282 - ClasspathResourceLoader : initialization complete.
2020-06-06 22:08:42,283 - ResourceCache : initialized. (class org.apache.velocity.runtime.resource.ResourceCacheImpl)
2020-06-06 22:08:42,283 - Default ResourceManager initialization complete.
2020-06-06 22:08:42,283 - Loaded System Directive: org.apache.velocity.runtime.directive.Literal
2020-06-06 22:08:42,284 - Loaded System Directive: org.apache.velocity.runtime.directive.Macro
2020-06-06 22:08:42,286 - Loaded System Directive: org.apache.velocity.runtime.directive.Parse
2020-06-06 22:08:42,286 - Loaded System Directive: org.apache.velocity.runtime.directive.Include
2020-06-06 22:08:42,287 - Loaded System Directive: org.apache.velocity.runtime.directive.Foreach
2020-06-06 22:08:42,302 - Created: 20 parsers.
2020-06-06 22:08:42,305 - Velocimacro : initialization starting.
2020-06-06 22:08:42,306 - Velocimacro : adding VMs from VM library template : VM_global_library.vm
2020-06-06 22:08:42,307 - ResourceManager : unable to find resource 'VM_global_library.vm' in any resource loader.
2020-06-06 22:08:42,307 - Velocimacro : error using  VM library template VM_global_library.vm : org.apache.velocity.exception.ResourceNotFoundException: Unable to find resource 'VM_global_library.vm'
2020-06-06 22:08:42,307 - Velocimacro :  VM library template macro registration complete.
2020-06-06 22:08:42,307 - Velocimacro : allowInline = true : VMs can be defined inline in templates
2020-06-06 22:08:42,307 - Velocimacro : allowInlineToOverride = false : VMs defined inline may NOT replace previous VM definitions
2020-06-06 22:08:42,307 - Velocimacro : allowInlineLocal = false : VMs defined inline will be  global in scope if allowed.
2020-06-06 22:08:42,308 - Velocimacro : messages on  : VM system will output logging messages
2020-06-06 22:08:42,308 - Velocimacro : autoload off  : VM system will not automatically reload global library macros
2020-06-06 22:08:42,308 - Velocimacro : initialization complete.
2020-06-06 22:08:42,308 - Velocity successfully started.
2020-06-06 22:11:26,958 - SimpleLog4JLogSystem initialized using logfile 'velocity.log'
2020-06-06 22:11:26,958 - ************************************************************** 
2020-06-06 22:11:26,958 - Starting Jakarta Velocity v1.4
2020-06-06 22:11:26,958 - RuntimeInstance initializing.
2020-06-06 22:11:26,958 - Default Properties File: org\apache\velocity\runtime\defaults\velocity.properties
2020-06-06 22:11:26,958 - Trying to use logger class org.apache.velocity.runtime.log.SimpleLog4JLogSystem
2020-06-06 22:11:26,958 - Using logger class org.apache.velocity.runtime.log.SimpleLog4JLogSystem
2020-06-06 22:11:26,960 - Default ResourceManager initializing. (class org.apache.velocity.runtime.resource.ResourceManagerImpl)
2020-06-06 22:11:26,961 - Resource Loader Instantiated: org.apache.velocity.runtime.resource.loader.ClasspathResourceLoader
2020-06-06 22:11:26,961 - ClasspathResourceLoader : initialization starting.
2020-06-06 22:11:26,961 - ClasspathResourceLoader : initialization complete.
2020-06-06 22:11:26,962 - ResourceCache : initialized. (class org.apache.velocity.runtime.resource.ResourceCacheImpl)
2020-06-06 22:11:26,962 - Default ResourceManager initialization complete.
2020-06-06 22:11:26,963 - Loaded System Directive: org.apache.velocity.runtime.directive.Literal
2020-06-06 22:11:26,965 - Loaded System Directive: org.apache.velocity.runtime.directive.Macro
2020-06-06 22:11:26,966 - Loaded System Directive: org.apache.velocity.runtime.directive.Parse
2020-06-06 22:11:26,967 - Loaded System Directive: org.apache.velocity.runtime.directive.Include
2020-06-06 22:11:26,968 - Loaded System Directive: org.apache.velocity.runtime.directive.Foreach
2020-06-06 22:11:26,983 - Created: 20 parsers.
2020-06-06 22:11:26,986 - Velocimacro : initialization starting.
2020-06-06 22:11:26,986 - Velocimacro : adding VMs from VM library template : VM_global_library.vm
2020-06-06 22:11:26,988 - ResourceManager : unable to find resource 'VM_global_library.vm' in any resource loader.
2020-06-06 22:11:26,988 - Velocimacro : error using  VM library template VM_global_library.vm : org.apache.velocity.exception.ResourceNotFoundException: Unable to find resource 'VM_global_library.vm'
2020-06-06 22:11:26,988 - Velocimacro :  VM library template macro registration complete.
2020-06-06 22:11:26,988 - Velocimacro : allowInline = true : VMs can be defined inline in templates
2020-06-06 22:11:26,988 - Velocimacro : allowInlineToOverride = false : VMs defined inline may NOT replace previous VM definitions
2020-06-06 22:11:26,988 - Velocimacro : allowInlineLocal = false : VMs defined inline will be  global in scope if allowed.
2020-06-06 22:11:26,988 - Velocimacro : messages on  : VM system will output logging messages
2020-06-06 22:11:26,988 - Velocimacro : autoload off  : VM system will not automatically reload global library macros
2020-06-06 22:11:26,988 - Velocimacro : initialization complete.
2020-06-06 22:11:26,988 - Velocity successfully started.
2020-06-06 22:16:04,131 - SimpleLog4JLogSystem initialized using logfile 'velocity.log'
2020-06-06 22:16:04,131 - ************************************************************** 
2020-06-06 22:16:04,132 - Starting Jakarta Velocity v1.4
2020-06-06 22:16:04,132 - RuntimeInstance initializing.
2020-06-06 22:16:04,132 - Default Properties File: org\apache\velocity\runtime\defaults\velocity.properties
2020-06-06 22:16:04,132 - Trying to use logger class org.apache.velocity.runtime.log.SimpleLog4JLogSystem
2020-06-06 22:16:04,132 - Using logger class org.apache.velocity.runtime.log.SimpleLog4JLogSystem
2020-06-06 22:16:04,133 - Default ResourceManager initializing. (class org.apache.velocity.runtime.resource.ResourceManagerImpl)
2020-06-06 22:16:04,135 - Resource Loader Instantiated: org.apache.velocity.runtime.resource.loader.ClasspathResourceLoader
2020-06-06 22:16:04,135 - ClasspathResourceLoader : initialization starting.
2020-06-06 22:16:04,135 - ClasspathResourceLoader : initialization complete.
2020-06-06 22:16:04,135 - ResourceCache : initialized. (class org.apache.velocity.runtime.resource.ResourceCacheImpl)
2020-06-06 22:16:04,135 - Default ResourceManager initialization complete.
2020-06-06 22:16:04,136 - Loaded System Directive: org.apache.velocity.runtime.directive.Literal
2020-06-06 22:16:04,137 - Loaded System Directive: org.apache.velocity.runtime.directive.Macro
2020-06-06 22:16:04,138 - Loaded System Directive: org.apache.velocity.runtime.directive.Parse
2020-06-06 22:16:04,139 - Loaded System Directive: org.apache.velocity.runtime.directive.Include
2020-06-06 22:16:04,140 - Loaded System Directive: org.apache.velocity.runtime.directive.Foreach
2020-06-06 22:16:04,155 - Created: 20 parsers.
2020-06-06 22:16:04,158 - Velocimacro : initialization starting.
2020-06-06 22:16:04,158 - Velocimacro : adding VMs from VM library template : VM_global_library.vm
2020-06-06 22:16:04,160 - ResourceManager : unable to find resource 'VM_global_library.vm' in any resource loader.
2020-06-06 22:16:04,160 - Velocimacro : error using  VM library template VM_global_library.vm : org.apache.velocity.exception.ResourceNotFoundException: Unable to find resource 'VM_global_library.vm'
2020-06-06 22:16:04,160 - Velocimacro :  VM library template macro registration complete.
2020-06-06 22:16:04,160 - Velocimacro : allowInline = true : VMs can be defined inline in templates
2020-06-06 22:16:04,160 - Velocimacro : allowInlineToOverride = false : VMs defined inline may NOT replace previous VM definitions
2020-06-06 22:16:04,160 - Velocimacro : allowInlineLocal = false : VMs defined inline will be  global in scope if allowed.
2020-06-06 22:16:04,160 - Velocimacro : messages on  : VM system will output logging messages
2020-06-06 22:16:04,160 - Velocimacro : autoload off  : VM system will not automatically reload global library macros
2020-06-06 22:16:04,160 - Velocimacro : initialization complete.
2020-06-06 22:16:04,160 - Velocity successfully started.
2020-06-06 22:18:12,326 - SimpleLog4JLogSystem initialized using logfile 'velocity.log'
2020-06-06 22:18:12,326 - ************************************************************** 
2020-06-06 22:18:12,326 - Starting Jakarta Velocity v1.4
2020-06-06 22:18:12,326 - RuntimeInstance initializing.
2020-06-06 22:18:12,326 - Default Properties File: org\apache\velocity\runtime\defaults\velocity.properties
2020-06-06 22:18:12,326 - Trying to use logger class org.apache.velocity.runtime.log.SimpleLog4JLogSystem
2020-06-06 22:18:12,326 - Using logger class org.apache.velocity.runtime.log.SimpleLog4JLogSystem
2020-06-06 22:18:12,327 - Default ResourceManager initializing. (class org.apache.velocity.runtime.resource.ResourceManagerImpl)
2020-06-06 22:18:12,328 - Resource Loader Instantiated: org.apache.velocity.runtime.resource.loader.ClasspathResourceLoader
2020-06-06 22:18:12,329 - ClasspathResourceLoader : initialization starting.
2020-06-06 22:18:12,329 - ClasspathResourceLoader : initialization complete.
2020-06-06 22:18:12,329 - ResourceCache : initialized. (class org.apache.velocity.runtime.resource.ResourceCacheImpl)
2020-06-06 22:18:12,329 - Default ResourceManager initialization complete.
2020-06-06 22:18:12,331 - Loaded System Directive: org.apache.velocity.runtime.directive.Literal
2020-06-06 22:18:12,333 - Loaded System Directive: org.apache.velocity.runtime.directive.Macro
2020-06-06 22:18:12,333 - Loaded System Directive: org.apache.velocity.runtime.directive.Parse
2020-06-06 22:18:12,334 - Loaded System Directive: org.apache.velocity.runtime.directive.Include
2020-06-06 22:18:12,335 - Loaded System Directive: org.apache.velocity.runtime.directive.Foreach
2020-06-06 22:18:12,350 - Created: 20 parsers.
2020-06-06 22:18:12,353 - Velocimacro : initialization starting.
2020-06-06 22:18:12,353 - Velocimacro : adding VMs from VM library template : VM_global_library.vm
2020-06-06 22:18:12,355 - ResourceManager : unable to find resource 'VM_global_library.vm' in any resource loader.
2020-06-06 22:18:12,355 - Velocimacro : error using  VM library template VM_global_library.vm : org.apache.velocity.exception.ResourceNotFoundException: Unable to find resource 'VM_global_library.vm'
2020-06-06 22:18:12,355 - Velocimacro :  VM library template macro registration complete.
2020-06-06 22:18:12,355 - Velocimacro : allowInline = true : VMs can be defined inline in templates
2020-06-06 22:18:12,355 - Velocimacro : allowInlineToOverride = false : VMs defined inline may NOT replace previous VM definitions
2020-06-06 22:18:12,355 - Velocimacro : allowInlineLocal = false : VMs defined inline will be  global in scope if allowed.
2020-06-06 22:18:12,355 - Velocimacro : messages on  : VM system will output logging messages
2020-06-06 22:18:12,355 - Velocimacro : autoload off  : VM system will not automatically reload global library macros
2020-06-06 22:18:12,355 - Velocimacro : initialization complete.
2020-06-06 22:18:12,355 - Velocity successfully started.
2020-06-06 22:22:06,360 - SimpleLog4JLogSystem initialized using logfile 'velocity.log'
2020-06-06 22:22:06,360 - ************************************************************** 
2020-06-06 22:22:06,360 - Starting Jakarta Velocity v1.4
2020-06-06 22:22:06,360 - RuntimeInstance initializing.
2020-06-06 22:22:06,360 - Default Properties File: org\apache\velocity\runtime\defaults\velocity.properties
2020-06-06 22:22:06,360 - Trying to use logger class org.apache.velocity.runtime.log.SimpleLog4JLogSystem
2020-06-06 22:22:06,360 - Using logger class org.apache.velocity.runtime.log.SimpleLog4JLogSystem
2020-06-06 22:22:06,362 - Default ResourceManager initializing. (class org.apache.velocity.runtime.resource.ResourceManagerImpl)
2020-06-06 22:22:06,363 - Resource Loader Instantiated: org.apache.velocity.runtime.resource.loader.ClasspathResourceLoader
2020-06-06 22:22:06,363 - ClasspathResourceLoader : initialization starting.
2020-06-06 22:22:06,363 - ClasspathResourceLoader : initialization complete.
2020-06-06 22:22:06,365 - ResourceCache : initialized. (class org.apache.velocity.runtime.resource.ResourceCacheImpl)
2020-06-06 22:22:06,365 - Default ResourceManager initialization complete.
2020-06-06 22:22:06,366 - Loaded System Directive: org.apache.velocity.runtime.directive.Literal
2020-06-06 22:22:06,367 - Loaded System Directive: org.apache.velocity.runtime.directive.Macro
2020-06-06 22:22:06,368 - Loaded System Directive: org.apache.velocity.runtime.directive.Parse
2020-06-06 22:22:06,369 - Loaded System Directive: org.apache.velocity.runtime.directive.Include
2020-06-06 22:22:06,370 - Loaded System Directive: org.apache.velocity.runtime.directive.Foreach
2020-06-06 22:22:06,386 - Created: 20 parsers.
2020-06-06 22:22:06,389 - Velocimacro : initialization starting.
2020-06-06 22:22:06,389 - Velocimacro : adding VMs from VM library template : VM_global_library.vm
2020-06-06 22:22:06,391 - ResourceManager : unable to find resource 'VM_global_library.vm' in any resource loader.
2020-06-06 22:22:06,391 - Velocimacro : error using  VM library template VM_global_library.vm : org.apache.velocity.exception.ResourceNotFoundException: Unable to find resource 'VM_global_library.vm'
2020-06-06 22:22:06,391 - Velocimacro :  VM library template macro registration complete.
2020-06-06 22:22:06,391 - Velocimacro : allowInline = true : VMs can be defined inline in templates
2020-06-06 22:22:06,391 - Velocimacro : allowInlineToOverride = false : VMs defined inline may NOT replace previous VM definitions
2020-06-06 22:22:06,391 - Velocimacro : allowInlineLocal = false : VMs defined inline will be  global in scope if allowed.
2020-06-06 22:22:06,391 - Velocimacro : messages on  : VM system will output logging messages
2020-06-06 22:22:06,391 - Velocimacro : autoload off  : VM system will not automatically reload global library macros
2020-06-06 22:22:06,391 - Velocimacro : initialization complete.
2020-06-06 22:22:06,391 - Velocity successfully started.
2020-06-06 22:25:45,201 - SimpleLog4JLogSystem initialized using logfile 'velocity.log'
2020-06-06 22:25:45,201 - ************************************************************** 
2020-06-06 22:25:45,201 - Starting Jakarta Velocity v1.4
2020-06-06 22:25:45,201 - RuntimeInstance initializing.
2020-06-06 22:25:45,201 - Default Properties File: org\apache\velocity\runtime\defaults\velocity.properties
2020-06-06 22:25:45,201 - Trying to use logger class org.apache.velocity.runtime.log.SimpleLog4JLogSystem
2020-06-06 22:25:45,201 - Using logger class org.apache.velocity.runtime.log.SimpleLog4JLogSystem
2020-06-06 22:25:45,203 - Default ResourceManager initializing. (class org.apache.velocity.runtime.resource.ResourceManagerImpl)
2020-06-06 22:25:45,205 - Resource Loader Instantiated: org.apache.velocity.runtime.resource.loader.ClasspathResourceLoader
2020-06-06 22:25:45,205 - ClasspathResourceLoader : initialization starting.
2020-06-06 22:25:45,205 - ClasspathResourceLoader : initialization complete.
2020-06-06 22:25:45,206 - ResourceCache : initialized. (class org.apache.velocity.runtime.resource.ResourceCacheImpl)
2020-06-06 22:25:45,206 - Default ResourceManager initialization complete.
2020-06-06 22:25:45,206 - Loaded System Directive: org.apache.velocity.runtime.directive.Literal
2020-06-06 22:25:45,207 - Loaded System Directive: org.apache.velocity.runtime.directive.Macro
2020-06-06 22:25:45,209 - Loaded System Directive: org.apache.velocity.runtime.directive.Parse
2020-06-06 22:25:45,209 - Loaded System Directive: org.apache.velocity.runtime.directive.Include
2020-06-06 22:25:45,210 - Loaded System Directive: org.apache.velocity.runtime.directive.Foreach
2020-06-06 22:25:45,225 - Created: 20 parsers.
2020-06-06 22:25:45,229 - Velocimacro : initialization starting.
2020-06-06 22:25:45,229 - Velocimacro : adding VMs from VM library template : VM_global_library.vm
2020-06-06 22:25:45,231 - ResourceManager : unable to find resource 'VM_global_library.vm' in any resource loader.
2020-06-06 22:25:45,232 - Velocimacro : error using  VM library template VM_global_library.vm : org.apache.velocity.exception.ResourceNotFoundException: Unable to find resource 'VM_global_library.vm'
2020-06-06 22:25:45,232 - Velocimacro :  VM library template macro registration complete.
2020-06-06 22:25:45,232 - Velocimacro : allowInline = true : VMs can be defined inline in templates
2020-06-06 22:25:45,232 - Velocimacro : allowInlineToOverride = false : VMs defined inline may NOT replace previous VM definitions
2020-06-06 22:25:45,232 - Velocimacro : allowInlineLocal = false : VMs defined inline will be  global in scope if allowed.
2020-06-06 22:25:45,232 - Velocimacro : messages on  : VM system will output logging messages
2020-06-06 22:25:45,232 - Velocimacro : autoload off  : VM system will not automatically reload global library macros
2020-06-06 22:25:45,232 - Velocimacro : initialization complete.
2020-06-06 22:25:45,232 - Velocity successfully started.
2020-06-06 22:27:29,971 - SimpleLog4JLogSystem initialized using logfile 'velocity.log'
2020-06-06 22:27:29,972 - ************************************************************** 
2020-06-06 22:27:29,972 - Starting Jakarta Velocity v1.4
2020-06-06 22:27:29,972 - RuntimeInstance initializing.
2020-06-06 22:27:29,972 - Default Properties File: org\apache\velocity\runtime\defaults\velocity.properties
2020-06-06 22:27:29,972 - Trying to use logger class org.apache.velocity.runtime.log.SimpleLog4JLogSystem
2020-06-06 22:27:29,972 - Using logger class org.apache.velocity.runtime.log.SimpleLog4JLogSystem
2020-06-06 22:27:29,973 - Default ResourceManager initializing. (class org.apache.velocity.runtime.resource.ResourceManagerImpl)
2020-06-06 22:27:29,974 - Resource Loader Instantiated: org.apache.velocity.runtime.resource.loader.ClasspathResourceLoader
2020-06-06 22:27:29,974 - ClasspathResourceLoader : initialization starting.
2020-06-06 22:27:29,974 - ClasspathResourceLoader : initialization complete.
2020-06-06 22:27:29,975 - ResourceCache : initialized. (class org.apache.velocity.runtime.resource.ResourceCacheImpl)
2020-06-06 22:27:29,975 - Default ResourceManager initialization complete.
2020-06-06 22:27:29,976 - Loaded System Directive: org.apache.velocity.runtime.directive.Literal
2020-06-06 22:27:29,977 - Loaded System Directive: org.apache.velocity.runtime.directive.Macro
2020-06-06 22:27:29,978 - Loaded System Directive: org.apache.velocity.runtime.directive.Parse
2020-06-06 22:27:29,979 - Loaded System Directive: org.apache.velocity.runtime.directive.Include
2020-06-06 22:27:29,980 - Loaded System Directive: org.apache.velocity.runtime.directive.Foreach
2020-06-06 22:27:29,994 - Created: 20 parsers.
2020-06-06 22:27:29,998 - Velocimacro : initialization starting.
2020-06-06 22:27:29,998 - Velocimacro : adding VMs from VM library template : VM_global_library.vm
2020-06-06 22:27:30,000 - ResourceManager : unable to find resource 'VM_global_library.vm' in any resource loader.
2020-06-06 22:27:30,000 - Velocimacro : error using  VM library template VM_global_library.vm : org.apache.velocity.exception.ResourceNotFoundException: Unable to find resource 'VM_global_library.vm'
2020-06-06 22:27:30,000 - Velocimacro :  VM library template macro registration complete.
2020-06-06 22:27:30,000 - Velocimacro : allowInline = true : VMs can be defined inline in templates
2020-06-06 22:27:30,000 - Velocimacro : allowInlineToOverride = false : VMs defined inline may NOT replace previous VM definitions
2020-06-06 22:27:30,000 - Velocimacro : allowInlineLocal = false : VMs defined inline will be  global in scope if allowed.
2020-06-06 22:27:30,000 - Velocimacro : messages on  : VM system will output logging messages
2020-06-06 22:27:30,000 - Velocimacro : autoload off  : VM system will not automatically reload global library macros
2020-06-06 22:27:30,000 - Velocimacro : initialization complete.
2020-06-06 22:27:30,000 - Velocity successfully started.
2020-06-06 22:29:35,403 - SimpleLog4JLogSystem initialized using logfile 'velocity.log'
2020-06-06 22:29:35,404 - ************************************************************** 
2020-06-06 22:29:35,404 - Starting Jakarta Velocity v1.4
2020-06-06 22:29:35,404 - RuntimeInstance initializing.
2020-06-06 22:29:35,404 - Default Properties File: org\apache\velocity\runtime\defaults\velocity.properties
2020-06-06 22:29:35,404 - Trying to use logger class org.apache.velocity.runtime.log.SimpleLog4JLogSystem
2020-06-06 22:29:35,404 - Using logger class org.apache.velocity.runtime.log.SimpleLog4JLogSystem
2020-06-06 22:29:35,405 - Default ResourceManager initializing. (class org.apache.velocity.runtime.resource.ResourceManagerImpl)
2020-06-06 22:29:35,406 - Resource Loader Instantiated: org.apache.velocity.runtime.resource.loader.ClasspathResourceLoader
2020-06-06 22:29:35,407 - ClasspathResourceLoader : initialization starting.
2020-06-06 22:29:35,407 - ClasspathResourceLoader : initialization complete.
2020-06-06 22:29:35,407 - ResourceCache : initialized. (class org.apache.velocity.runtime.resource.ResourceCacheImpl)
2020-06-06 22:29:35,407 - Default ResourceManager initialization complete.
2020-06-06 22:29:35,408 - Loaded System Directive: org.apache.velocity.runtime.directive.Literal
2020-06-06 22:29:35,409 - Loaded System Directive: org.apache.velocity.runtime.directive.Macro
2020-06-06 22:29:35,410 - Loaded System Directive: org.apache.velocity.runtime.directive.Parse
2020-06-06 22:29:35,411 - Loaded System Directive: org.apache.velocity.runtime.directive.Include
2020-06-06 22:29:35,412 - Loaded System Directive: org.apache.velocity.runtime.directive.Foreach
2020-06-06 22:29:35,427 - Created: 20 parsers.
2020-06-06 22:29:35,430 - Velocimacro : initialization starting.
2020-06-06 22:29:35,430 - Velocimacro : adding VMs from VM library template : VM_global_library.vm
2020-06-06 22:29:35,432 - ResourceManager : unable to find resource 'VM_global_library.vm' in any resource loader.
2020-06-06 22:29:35,432 - Velocimacro : error using  VM library template VM_global_library.vm : org.apache.velocity.exception.ResourceNotFoundException: Unable to find resource 'VM_global_library.vm'
2020-06-06 22:29:35,433 - Velocimacro :  VM library template macro registration complete.
2020-06-06 22:29:35,433 - Velocimacro : allowInline = true : VMs can be defined inline in templates
2020-06-06 22:29:35,433 - Velocimacro : allowInlineToOverride = false : VMs defined inline may NOT replace previous VM definitions
2020-06-06 22:29:35,433 - Velocimacro : allowInlineLocal = false : VMs defined inline will be  global in scope if allowed.
2020-06-06 22:29:35,433 - Velocimacro : messages on  : VM system will output logging messages
2020-06-06 22:29:35,433 - Velocimacro : autoload off  : VM system will not automatically reload global library macros
2020-06-06 22:29:35,433 - Velocimacro : initialization complete.
2020-06-06 22:29:35,433 - Velocity successfully started.
2020-06-06 22:31:44,187 - SimpleLog4JLogSystem initialized using logfile 'velocity.log'
2020-06-06 22:31:44,187 - ************************************************************** 
2020-06-06 22:31:44,187 - Starting Jakarta Velocity v1.4
2020-06-06 22:31:44,187 - RuntimeInstance initializing.
2020-06-06 22:31:44,187 - Default Properties File: org\apache\velocity\runtime\defaults\velocity.properties
2020-06-06 22:31:44,187 - Trying to use logger class org.apache.velocity.runtime.log.SimpleLog4JLogSystem
2020-06-06 22:31:44,187 - Using logger class org.apache.velocity.runtime.log.SimpleLog4JLogSystem
2020-06-06 22:31:44,189 - Default ResourceManager initializing. (class org.apache.velocity.runtime.resource.ResourceManagerImpl)
2020-06-06 22:31:44,190 - Resource Loader Instantiated: org.apache.velocity.runtime.resource.loader.ClasspathResourceLoader
2020-06-06 22:31:44,190 - ClasspathResourceLoader : initialization starting.
2020-06-06 22:31:44,190 - ClasspathResourceLoader : initialization complete.
2020-06-06 22:31:44,191 - ResourceCache : initialized. (class org.apache.velocity.runtime.resource.ResourceCacheImpl)
2020-06-06 22:31:44,191 - Default ResourceManager initialization complete.
2020-06-06 22:31:44,193 - Loaded System Directive: org.apache.velocity.runtime.directive.Literal
2020-06-06 22:31:44,194 - Loaded System Directive: org.apache.velocity.runtime.directive.Macro
2020-06-06 22:31:44,195 - Loaded System Directive: org.apache.velocity.runtime.directive.Parse
2020-06-06 22:31:44,196 - Loaded System Directive: org.apache.velocity.runtime.directive.Include
2020-06-06 22:31:44,197 - Loaded System Directive: org.apache.velocity.runtime.directive.Foreach
2020-06-06 22:31:44,214 - Created: 20 parsers.
2020-06-06 22:31:44,218 - Velocimacro : initialization starting.
2020-06-06 22:31:44,218 - Velocimacro : adding VMs from VM library template : VM_global_library.vm
2020-06-06 22:31:44,220 - ResourceManager : unable to find resource 'VM_global_library.vm' in any resource loader.
2020-06-06 22:31:44,220 - Velocimacro : error using  VM library template VM_global_library.vm : org.apache.velocity.exception.ResourceNotFoundException: Unable to find resource 'VM_global_library.vm'
2020-06-06 22:31:44,220 - Velocimacro :  VM library template macro registration complete.
2020-06-06 22:31:44,220 - Velocimacro : allowInline = true : VMs can be defined inline in templates
2020-06-06 22:31:44,220 - Velocimacro : allowInlineToOverride = false : VMs defined inline may NOT replace previous VM definitions
2020-06-06 22:31:44,220 - Velocimacro : allowInlineLocal = false : VMs defined inline will be  global in scope if allowed.
2020-06-06 22:31:44,220 - Velocimacro : messages on  : VM system will output logging messages
2020-06-06 22:31:44,221 - Velocimacro : autoload off  : VM system will not automatically reload global library macros
2020-06-06 22:31:44,221 - Velocimacro : initialization complete.
2020-06-06 22:31:44,221 - Velocity successfully started.
2020-06-06 23:17:19,300 - SimpleLog4JLogSystem initialized using logfile 'velocity.log'
2020-06-06 23:17:19,301 - ************************************************************** 
2020-06-06 23:17:19,301 - Starting Jakarta Velocity v1.4
2020-06-06 23:17:19,301 - RuntimeInstance initializing.
2020-06-06 23:17:19,301 - Default Properties File: org\apache\velocity\runtime\defaults\velocity.properties
2020-06-06 23:17:19,301 - Trying to use logger class org.apache.velocity.runtime.log.SimpleLog4JLogSystem
2020-06-06 23:17:19,301 - Using logger class org.apache.velocity.runtime.log.SimpleLog4JLogSystem
2020-06-06 23:17:19,303 - Default ResourceManager initializing. (class org.apache.velocity.runtime.resource.ResourceManagerImpl)
2020-06-06 23:17:19,305 - Resource Loader Instantiated: org.apache.velocity.runtime.resource.loader.ClasspathResourceLoader
2020-06-06 23:17:19,305 - ClasspathResourceLoader : initialization starting.
2020-06-06 23:17:19,305 - ClasspathResourceLoader : initialization complete.
2020-06-06 23:17:19,306 - ResourceCache : initialized. (class org.apache.velocity.runtime.resource.ResourceCacheImpl)
2020-06-06 23:17:19,306 - Default ResourceManager initialization complete.
2020-06-06 23:17:19,307 - Loaded System Directive: org.apache.velocity.runtime.directive.Literal
2020-06-06 23:17:19,308 - Loaded System Directive: org.apache.velocity.runtime.directive.Macro
2020-06-06 23:17:19,309 - Loaded System Directive: org.apache.velocity.runtime.directive.Parse
2020-06-06 23:17:19,310 - Loaded System Directive: org.apache.velocity.runtime.directive.Include
2020-06-06 23:17:19,311 - Loaded System Directive: org.apache.velocity.runtime.directive.Foreach
2020-06-06 23:17:19,331 - Created: 20 parsers.
2020-06-06 23:17:19,336 - Velocimacro : initialization starting.
2020-06-06 23:17:19,336 - Velocimacro : adding VMs from VM library template : VM_global_library.vm
2020-06-06 23:17:19,339 - ResourceManager : unable to find resource 'VM_global_library.vm' in any resource loader.
2020-06-06 23:17:19,339 - Velocimacro : error using  VM library template VM_global_library.vm : org.apache.velocity.exception.ResourceNotFoundException: Unable to find resource 'VM_global_library.vm'
2020-06-06 23:17:19,339 - Velocimacro :  VM library template macro registration complete.
2020-06-06 23:17:19,339 - Velocimacro : allowInline = true : VMs can be defined inline in templates
2020-06-06 23:17:19,339 - Velocimacro : allowInlineToOverride = false : VMs defined inline may NOT replace previous VM definitions
2020-06-06 23:17:19,339 - Velocimacro : allowInlineLocal = false : VMs defined inline will be  global in scope if allowed.
2020-06-06 23:17:19,339 - Velocimacro : messages on  : VM system will output logging messages
2020-06-06 23:17:19,339 - Velocimacro : autoload off  : VM system will not automatically reload global library macros
2020-06-06 23:17:19,339 - Velocimacro : initialization complete.
2020-06-06 23:17:19,339 - Velocity successfully started.
